<?xml version="1.0" encoding="UTF-8"?>
<testsuite name="com.kodilla.testing.forum.StatisticsTest" tests="4" skipped="0" failures="0" errors="0" timestamp="2018-12-26T10:45:26" hostname="Air-Mateusz.home" time="0.025">
  <properties/>
  <testcase name="getTestPostCountZero" classname="com.kodilla.testing.forum.StatisticsTest" time="0.017"/>
  <testcase name="getTestCommentsAndPosts1" classname="com.kodilla.testing.forum.StatisticsTest" time="0.002"/>
  <testcase name="getStatisticsTest" classname="com.kodilla.testing.forum.StatisticsTest" time="0.003"/>
  <testcase name="getTestCommentsAndPosts" classname="com.kodilla.testing.forum.StatisticsTest" time="0.002"/>
  <system-out><![CDATA[Test Case: begin
Test Case: end
Test Case: begin
Test Case: end
Test Case: begin
Test Case: end
Test Case: begin
Test Case: end
]]></system-out>
  <system-err><![CDATA[]]></system-err>
</testsuite>
