<?xml version="1.0" encoding="UTF-8"?>
<testsuite name="com.kodilla.testing.shape.ShapeCollectorTestSuite" tests="1" skipped="0" failures="0" errors="0" timestamp="2018-12-18T20:22:33" hostname="Air-Mateusz.home" time="0.039">
  <properties/>
  <testcase name="testAddFigureName" classname="com.kodilla.testing.shape.ShapeCollectorTestSuite" time="0.039"/>
  <system-out><![CDATA[This is the beginning of tests.
Test Case: begin
Test Case: end
All tests are finished.
]]></system-out>
  <system-err><![CDATA[]]></system-err>
</testsuite>
