<?xml version="1.0" encoding="UTF-8"?>
<testsuite name="com.kodilla.testing.collection.CollectionTestSuite" tests="2" skipped="0" failures="0" errors="0"
           timestamp="2019-02-27T16:52:08" hostname="Air-Mateusz.home" time="0.008">
    <properties/>
    <testcase name="testAddNumbersExterminatorNormalList" classname="com.kodilla.testing.collection.CollectionTestSuite"
              time="0.007"/>
    <testcase name="testAddNumbersExterminatorEmptyList" classname="com.kodilla.testing.collection.CollectionTestSuite"
              time="0.0"/>
    <system-out><![CDATA[Test Case: begin
testing[4, 10]
Test Case: end
Test Case: begin
Test Case: end
]]></system-out>
    <system-err><![CDATA[]]></system-err>
</testsuite>
