<?xml version="1.0" encoding="UTF-8"?>
<testsuite name="com.kodilla.spring.calculator.TestCalculations" tests="4" skipped="0" failures="0" errors="0"
           timestamp="2019-02-27T16:52:01" hostname="Air-Mateusz.home" time="1.578">
    <properties/>
    <testcase name="testCalculationsDiv" classname="com.kodilla.spring.calculator.TestCalculations" time="0.598"/>
    <testcase name="testCalculationsMul" classname="com.kodilla.spring.calculator.TestCalculations" time="0.384"/>
    <testcase name="testCalculationsSub" classname="com.kodilla.spring.calculator.TestCalculations" time="0.332"/>
    <testcase name="testCalculations" classname="com.kodilla.spring.calculator.TestCalculations" time="0.257"/>
    <system-out><![CDATA[17:51:59.904 [Test worker] DEBUG org.springframework.test.context.junit4.SpringJUnit4ClassRunner - SpringJUnit4ClassRunner constructor called with [class com.kodilla.spring.calculator.TestCalculations]
17:51:59.908 [Test worker] DEBUG org.springframework.test.context.BootstrapUtils - Instantiating CacheAwareContextLoaderDelegate from class [org.springframework.test.context.cache.DefaultCacheAwareContextLoaderDelegate]
17:51:59.913 [Test worker] DEBUG org.springframework.test.context.BootstrapUtils - Instantiating BootstrapContext using constructor [public org.springframework.test.context.support.DefaultBootstrapContext(java.lang.Class,org.springframework.test.context.CacheAwareContextLoaderDelegate)]
17:51:59.919 [Test worker] DEBUG org.springframework.test.context.BootstrapUtils - Instantiating TestContextBootstrapper for test class [com.kodilla.spring.calculator.TestCalculations] from class [org.springframework.boot.test.context.SpringBootTestContextBootstrapper]
17:51:59.933 [Test worker] INFO org.springframework.boot.test.context.SpringBootTestContextBootstrapper - Neither @ContextConfiguration nor @ContextHierarchy found for test class [com.kodilla.spring.calculator.TestCalculations], using SpringBootContextLoader
17:51:59.934 [Test worker] DEBUG org.springframework.test.context.support.AbstractContextLoader - Did not detect default resource location for test class [com.kodilla.spring.calculator.TestCalculations]: class path resource [com/kodilla/spring/calculator/TestCalculations-context.xml] does not exist
17:51:59.935 [Test worker] DEBUG org.springframework.test.context.support.AbstractContextLoader - Did not detect default resource location for test class [com.kodilla.spring.calculator.TestCalculations]: class path resource [com/kodilla/spring/calculator/TestCalculationsContext.groovy] does not exist
17:51:59.936 [Test worker] INFO org.springframework.test.context.support.AbstractContextLoader - Could not detect default resource locations for test class [com.kodilla.spring.calculator.TestCalculations]: no resource found for suffixes {-context.xml, Context.groovy}.
17:51:59.937 [Test worker] INFO org.springframework.test.context.support.AnnotationConfigContextLoaderUtils - Could not detect default configuration classes for test class [com.kodilla.spring.calculator.TestCalculations]: TestCalculations does not declare any static, non-private, non-final, nested classes annotated with @Configuration.
17:51:59.980 [Test worker] DEBUG org.springframework.test.context.support.ActiveProfilesUtils - Could not find an 'annotation declaring class' for annotation type [org.springframework.test.context.ActiveProfiles] and class [com.kodilla.spring.calculator.TestCalculations]
17:51:59.982 [Test worker] DEBUG org.springframework.core.env.StandardEnvironment - Adding PropertySource 'systemProperties' with lowest search precedence
17:51:59.982 [Test worker] DEBUG org.springframework.core.env.StandardEnvironment - Adding PropertySource 'systemEnvironment' with lowest search precedence
17:51:59.982 [Test worker] DEBUG org.springframework.core.env.StandardEnvironment - Initialized StandardEnvironment with PropertySources [MapPropertySource@1563231593 {name='systemProperties', properties={java.runtime.name=Java(TM) SE Runtime Environment, sun.boot.library.path=/Library/Java/JavaVirtualMachines/jdk1.8.0_201.jdk/Contents/Home/jre/lib, java.vm.version=25.201-b09, gopherProxySet=false, java.vm.vendor=Oracle Corporation, java.vendor.url=http://java.oracle.com/, path.separator=:, java.vm.name=Java HotSpot(TM) 64-Bit Server VM, file.encoding.pkg=sun.io, sun.java.launcher=SUN_STANDARD, user.country=PL, sun.os.patch.level=unknown, java.vm.specification.name=Java Virtual Machine Specification, user.dir=/Users/Matys/Documents/kodila-course-new/kodilla-spring-new, java.runtime.version=1.8.0_201-b09, java.awt.graphicsenv=sun.awt.CGraphicsEnvironment, java.endorsed.dirs=/Library/Java/JavaVirtualMachines/jdk1.8.0_201.jdk/Contents/Home/jre/lib/endorsed, os.arch=x86_64, java.io.tmpdir=/var/folders/jt/3y_yfpk56nx_fx92mnl9n48m0000gn/T/, line.separator=
, java.vm.specification.vendor=Oracle Corporation, user.variant=, os.name=Mac OS X, sun.jnu.encoding=UTF-8, java.library.path=/Users/Matys/Library/Java/Extensions:/Library/Java/Extensions:/Network/Library/Java/Extensions:/System/Library/Java/Extensions:/usr/lib/java:., java.specification.name=Java Platform API Specification, java.class.version=52.0, sun.management.compiler=HotSpot 64-Bit Tiered Compilers, os.version=10.13.6, http.nonProxyHosts=local|*.local|169.254/16|*.169.254/16, user.home=/Users/Matys, user.timezone=Europe/Warsaw, java.awt.printerjob=sun.lwawt.macosx.CPrinterJob, file.encoding=UTF-8, java.specification.version=1.8, java.class.path=/Users/Matys/Documents/kodila-course-new/kodilla-spring-new/build/classes/test:/Users/Matys/Documents/kodila-course-new/kodilla-spring-new/build/resources/test:/Users/Matys/Documents/kodila-course-new/kodilla-spring-new/build/classes/main:/Users/Matys/Documents/kodila-course-new/kodilla-spring-new/build/resources/main:/Users/Matys/.gradle/caches/modules-2/files-2.1/org.springframework.boot/spring-boot-starter/1.5.19.RELEASE/c93f91adc650e2dc122139cf93ed7814fec04830/spring-boot-starter-1.5.19.RELEASE.jar:/Users/Matys/.gradle/caches/modules-2/files-2.1/org.springframework.boot/spring-boot-starter-test/1.5.19.RELEASE/d06b6f71d88f4e7f7cafe4f9be6f73f783c0cb5e/spring-boot-starter-test-1.5.19.RELEASE.jar:/Users/Matys/.gradle/caches/modules-2/files-2.1/org.springframework.boot/spring-boot/1.5.19.RELEASE/b2bf5c47a8653e5fbba05c022d99549948bf9665/spring-boot-1.5.19.RELEASE.jar:/Users/Matys/.gradle/caches/modules-2/files-2.1/org.springframework.boot/spring-boot-autoconfigure/1.5.19.RELEASE/4e9a29d2eda96d2e2f135a315dfa55ae0d3484d4/spring-boot-autoconfigure-1.5.19.RELEASE.jar:/Users/Matys/.gradle/caches/modules-2/files-2.1/org.springframework.boot/spring-boot-starter-logging/1.5.19.RELEASE/a9529ecfe4446aac782bf4bc3d05101eccfe0d12/spring-boot-starter-logging-1.5.19.RELEASE.jar:/Users/Matys/.gradle/caches/modules-2/files-2.1/org.springframework/spring-core/4.3.22.RELEASE/644c452cb43edf55f3cc8a1252a6e5a28316f42e/spring-core-4.3.22.RELEASE.jar:/Users/Matys/.gradle/caches/modules-2/files-2.1/org.yaml/snakeyaml/1.17/7a27ea250c5130b2922b86dea63cbb1cc10a660c/snakeyaml-1.17.jar:/Users/Matys/.gradle/caches/modules-2/files-2.1/org.springframework.boot/spring-boot-test/1.5.19.RELEASE/b85d7ceb338de573bab5307f190d3db56328fb6b/spring-boot-test-1.5.19.RELEASE.jar:/Users/Matys/.gradle/caches/modules-2/files-2.1/org.springframework.boot/spring-boot-test-autoconfigure/1.5.19.RELEASE/e3637f7857ef427222c67beb722ea833d3563763/spring-boot-test-autoconfigure-1.5.19.RELEASE.jar:/Users/Matys/.gradle/caches/modules-2/files-2.1/com.jayway.jsonpath/json-path/2.2.0/22290d17944bd239fabf5ac69005a60a7ecbbbcb/json-path-2.2.0.jar:/Users/Matys/.gradle/caches/modules-2/files-2.1/junit/junit/4.12/2973d150c0dc1fefe998f834810d68f278ea58ec/junit-4.12.jar:/Users/Matys/.gradle/caches/modules-2/files-2.1/org.assertj/assertj-core/2.6.0/b532c3fc4f66bcfee4989a3514f1cd56203a33ad/assertj-core-2.6.0.jar:/Users/Matys/.gradle/caches/modules-2/files-2.1/org.mockito/mockito-core/1.10.19/e8546f5bef4e061d8dd73895b4e8f40e3fe6effe/mockito-core-1.10.19.jar:/Users/Matys/.gradle/caches/modules-2/files-2.1/org.hamcrest/hamcrest-core/1.3/42a25dc3219429f0e5d060061f71acb49bf010a0/hamcrest-core-1.3.jar:/Users/Matys/.gradle/caches/modules-2/files-2.1/org.hamcrest/hamcrest-library/1.3/4785a3c21320980282f9f33d0d1264a69040538f/hamcrest-library-1.3.jar:/Users/Matys/.gradle/caches/modules-2/files-2.1/org.skyscreamer/jsonassert/1.4.0/9cdbb373a06f6513e51e8c545ee6a5e981463edb/jsonassert-1.4.0.jar:/Users/Matys/.gradle/caches/modules-2/files-2.1/org.springframework/spring-test/4.3.22.RELEASE/51fe839060f1a8889a10acd5c35097b5a9f98592/spring-test-4.3.22.RELEASE.jar:/Users/Matys/.gradle/caches/modules-2/files-2.1/org.springframework/spring-context/4.3.22.RELEASE/1edff23a32bb7b02ad258294688173672e671ada/spring-context-4.3.22.RELEASE.jar:/Users/Matys/.gradle/caches/modules-2/files-2.1/ch.qos.logback/logback-classic/1.1.11/ccedfbacef4a6515d2983e3f89ed753d5d4fb665/logback-classic-1.1.11.jar:/Users/Matys/.gradle/caches/modules-2/files-2.1/org.slf4j/jcl-over-slf4j/1.7.25/f8c32b13ff142a513eeb5b6330b1588dcb2c0461/jcl-over-slf4j-1.7.25.jar:/Users/Matys/.gradle/caches/modules-2/files-2.1/org.slf4j/jul-to-slf4j/1.7.25/af5364cd6679bfffb114f0dec8a157aaa283b76/jul-to-slf4j-1.7.25.jar:/Users/Matys/.gradle/caches/modules-2/files-2.1/org.slf4j/log4j-over-slf4j/1.7.25/a87bb47468f47ee7aabbd54f93e133d4215769c3/log4j-over-slf4j-1.7.25.jar:/Users/Matys/.gradle/caches/modules-2/files-2.1/net.minidev/json-smart/2.2.1/5b9e5df7a62d1279b70dc882b041d249c4f0b002/json-smart-2.2.1.jar:/Users/Matys/.gradle/caches/modules-2/files-2.1/org.slf4j/slf4j-api/1.7.25/da76ca59f6a57ee3102f8f9bd9cee742973efa8a/slf4j-api-1.7.25.jar:/Users/Matys/.gradle/caches/modules-2/files-2.1/org.objenesis/objenesis/2.1/87c0ea803b69252868d09308b4618f766f135a96/objenesis-2.1.jar:/Users/Matys/.gradle/caches/modules-2/files-2.1/com.vaadin.external.google/android-json/0.0.20131108.vaadin1/fa26d351fe62a6a17f5cda1287c1c6110dec413f/android-json-0.0.20131108.vaadin1.jar:/Users/Matys/.gradle/caches/modules-2/files-2.1/org.springframework/spring-aop/4.3.22.RELEASE/ad29b1de008c3398bfaa6e177f0675c47864aa1b/spring-aop-4.3.22.RELEASE.jar:/Users/Matys/.gradle/caches/modules-2/files-2.1/org.springframework/spring-beans/4.3.22.RELEASE/b996bdca37e04a9e875dd40db184df208a315356/spring-beans-4.3.22.RELEASE.jar:/Users/Matys/.gradle/caches/modules-2/files-2.1/org.springframework/spring-expression/4.3.22.RELEASE/314e4169b2559085f390b042ed14685877109b1e/spring-expression-4.3.22.RELEASE.jar:/Users/Matys/.gradle/caches/modules-2/files-2.1/ch.qos.logback/logback-core/1.1.11/88b8df40340eed549fb07e2613879bf6b006704d/logback-core-1.1.11.jar:/Users/Matys/.gradle/caches/modules-2/files-2.1/net.minidev/accessors-smart/1.1/a527213f2fea112a04c9bdf0ec0264e34104cd08/accessors-smart-1.1.jar:/Users/Matys/.gradle/caches/modules-2/files-2.1/org.ow2.asm/asm/5.0.3/dcc2193db20e19e1feca8b1240dbbc4e190824fa/asm-5.0.3.jar, user.name=Matys, java.vm.specification.version=1.8, sun.java.command=worker.org.gradle.process.internal.worker.GradleWorkerMain 'Gradle Test Executor 1', java.home=/Library/Java/JavaVirtualMachines/jdk1.8.0_201.jdk/Contents/Home/jre, sun.arch.data.model=64, user.language=pl, java.specification.vendor=Oracle Corporation, awt.toolkit=sun.lwawt.macosx.LWCToolkit, java.vm.info=mixed mode, java.version=1.8.0_201, java.ext.dirs=/Users/Matys/Library/Java/Extensions:/Library/Java/JavaVirtualMachines/jdk1.8.0_201.jdk/Contents/Home/jre/lib/ext:/Library/Java/Extensions:/Network/Library/Java/Extensions:/System/Library/Java/Extensions:/usr/lib/java, sun.boot.class.path=/Library/Java/JavaVirtualMachines/jdk1.8.0_201.jdk/Contents/Home/jre/lib/resources.jar:/Library/Java/JavaVirtualMachines/jdk1.8.0_201.jdk/Contents/Home/jre/lib/rt.jar:/Library/Java/JavaVirtualMachines/jdk1.8.0_201.jdk/Contents/Home/jre/lib/sunrsasign.jar:/Library/Java/JavaVirtualMachines/jdk1.8.0_201.jdk/Contents/Home/jre/lib/jsse.jar:/Library/Java/JavaVirtualMachines/jdk1.8.0_201.jdk/Contents/Home/jre/lib/jce.jar:/Library/Java/JavaVirtualMachines/jdk1.8.0_201.jdk/Contents/Home/jre/lib/charsets.jar:/Library/Java/JavaVirtualMachines/jdk1.8.0_201.jdk/Contents/Home/jre/lib/jfr.jar:/Library/Java/JavaVirtualMachines/jdk1.8.0_201.jdk/Contents/Home/jre/classes, java.vendor=Oracle Corporation, org.gradle.test.worker=1, file.separator=/, java.vendor.url.bug=http://bugreport.sun.com/bugreport/, sun.io.unicode.encoding=UnicodeBig, sun.cpu.endian=little, socksNonProxyHosts=local|*.local|169.254/16|*.169.254/16, ftp.nonProxyHosts=local|*.local|169.254/16|*.169.254/16, sun.cpu.isalist=}}, SystemEnvironmentPropertySource@2026270934 {name='systemEnvironment', properties={PATH=/usr/bin:/bin:/usr/sbin:/sbin:/usr/local/bin, JAVA_ARCH=x86_64, SHELL=/bin/bash, JAVA_MAIN_CLASS_11589=worker.org.gradle.process.internal.worker.GradleWorkerMain, JAVA_MAIN_CLASS_11578=org.gradle.wrapper.GradleWrapperMain, APP_ICON_11578=/Users/Matys/Documents/kodila-course-new/media/gradle.icns, OLDPWD=/Users/Matys/Documents/kodila-course-new, TERM=xterm-256color, USER=Matys, TMPDIR=/var/folders/jt/3y_yfpk56nx_fx92mnl9n48m0000gn/T/, SSH_AUTH_SOCK=/private/tmp/com.apple.launchd.E2V2HtO33z/Listeners, APP_NAME_11578=Gradle, XPC_FLAGS=0x0, __CF_USER_TEXT_ENCODING=0x1F5:0x1D:0x2A, Apple_PubSub_Socket_Render=/private/tmp/com.apple.launchd.Bu0pLgE8pu/Render, com.apple.java.jvmTask=CommandLine, LOGNAME=Matys, LC_CTYPE=pl_PL.UTF-8, XPC_SERVICE_NAME=0, PWD=/Users/Matys/Documents/kodila-course-new, SHLVL=1, HOME=/Users/Matys}}]
17:51:59.987 [Test worker] DEBUG org.springframework.core.io.support.PathMatchingResourcePatternResolver - Resolved classpath location [com/kodilla/spring/calculator/] to resources [URL [file:/Users/Matys/Documents/kodila-course-new/kodilla-spring-new/build/classes/test/com/kodilla/spring/calculator/], URL [file:/Users/Matys/Documents/kodila-course-new/kodilla-spring-new/build/classes/main/com/kodilla/spring/calculator/]]
17:51:59.988 [Test worker] DEBUG org.springframework.core.io.support.PathMatchingResourcePatternResolver - Looking for matching resources in directory tree [/Users/Matys/Documents/kodila-course-new/kodilla-spring-new/build/classes/test/com/kodilla/spring/calculator]
17:51:59.988 [Test worker] DEBUG org.springframework.core.io.support.PathMatchingResourcePatternResolver - Searching directory [/Users/Matys/Documents/kodila-course-new/kodilla-spring-new/build/classes/test/com/kodilla/spring/calculator] for files matching pattern [/Users/Matys/Documents/kodila-course-new/kodilla-spring-new/build/classes/test/com/kodilla/spring/calculator/*.class]
17:51:59.992 [Test worker] DEBUG org.springframework.core.io.support.PathMatchingResourcePatternResolver - Looking for matching resources in directory tree [/Users/Matys/Documents/kodila-course-new/kodilla-spring-new/build/classes/main/com/kodilla/spring/calculator]
17:51:59.993 [Test worker] DEBUG org.springframework.core.io.support.PathMatchingResourcePatternResolver - Searching directory [/Users/Matys/Documents/kodila-course-new/kodilla-spring-new/build/classes/main/com/kodilla/spring/calculator] for files matching pattern [/Users/Matys/Documents/kodila-course-new/kodilla-spring-new/build/classes/main/com/kodilla/spring/calculator/*.class]
17:51:59.994 [Test worker] DEBUG org.springframework.core.io.support.PathMatchingResourcePatternResolver - Resolved location pattern [classpath*:com/kodilla/spring/calculator/*.class] to resources [file [/Users/Matys/Documents/kodila-course-new/kodilla-spring-new/build/classes/test/com/kodilla/spring/calculator/TestCalculations.class], file [/Users/Matys/Documents/kodila-course-new/kodilla-spring-new/build/classes/main/com/kodilla/spring/calculator/Calculator.class], file [/Users/Matys/Documents/kodila-course-new/kodilla-spring-new/build/classes/main/com/kodilla/spring/calculator/Display.class]]
17:51:59.997 [Test worker] DEBUG org.springframework.core.io.support.PathMatchingResourcePatternResolver - Resolved classpath location [com/kodilla/spring/] to resources [URL [file:/Users/Matys/Documents/kodila-course-new/kodilla-spring-new/build/classes/test/com/kodilla/spring/], URL [file:/Users/Matys/Documents/kodila-course-new/kodilla-spring-new/build/classes/main/com/kodilla/spring/]]
17:51:59.997 [Test worker] DEBUG org.springframework.core.io.support.PathMatchingResourcePatternResolver - Looking for matching resources in directory tree [/Users/Matys/Documents/kodila-course-new/kodilla-spring-new/build/classes/test/com/kodilla/spring]
17:51:59.997 [Test worker] DEBUG org.springframework.core.io.support.PathMatchingResourcePatternResolver - Searching directory [/Users/Matys/Documents/kodila-course-new/kodilla-spring-new/build/classes/test/com/kodilla/spring] for files matching pattern [/Users/Matys/Documents/kodila-course-new/kodilla-spring-new/build/classes/test/com/kodilla/spring/*.class]
17:52:00.012 [Test worker] DEBUG org.springframework.core.io.support.PathMatchingResourcePatternResolver - Looking for matching resources in directory tree [/Users/Matys/Documents/kodila-course-new/kodilla-spring-new/build/classes/main/com/kodilla/spring]
17:52:00.012 [Test worker] DEBUG org.springframework.core.io.support.PathMatchingResourcePatternResolver - Searching directory [/Users/Matys/Documents/kodila-course-new/kodilla-spring-new/build/classes/main/com/kodilla/spring] for files matching pattern [/Users/Matys/Documents/kodila-course-new/kodilla-spring-new/build/classes/main/com/kodilla/spring/*.class]
17:52:00.015 [Test worker] DEBUG org.springframework.core.io.support.PathMatchingResourcePatternResolver - Resolved location pattern [classpath*:com/kodilla/spring/*.class] to resources [file [/Users/Matys/Documents/kodila-course-new/kodilla-spring-new/build/classes/test/com/kodilla/spring/SpringRunnerTestSuite.class], file [/Users/Matys/Documents/kodila-course-new/kodilla-spring-new/build/classes/main/com/kodilla/spring/SpringRunner.class]]
17:52:00.059 [Test worker] DEBUG org.springframework.context.annotation.ClassPathScanningCandidateComponentProvider - Identified candidate component class: file [/Users/Matys/Documents/kodila-course-new/kodilla-spring-new/build/classes/main/com/kodilla/spring/SpringRunner.class]
17:52:00.061 [Test worker] INFO org.springframework.boot.test.context.SpringBootTestContextBootstrapper - Found @SpringBootConfiguration com.kodilla.spring.SpringRunner for test class com.kodilla.spring.calculator.TestCalculations
17:52:00.064 [Test worker] DEBUG org.springframework.boot.test.context.SpringBootTestContextBootstrapper - @TestExecutionListeners is not present for class [com.kodilla.spring.calculator.TestCalculations]: using defaults.
17:52:00.069 [Test worker] INFO org.springframework.boot.test.context.SpringBootTestContextBootstrapper - Loaded default TestExecutionListener class names from location [META-INF/spring.factories]: [org.springframework.boot.test.mock.mockito.MockitoTestExecutionListener, org.springframework.boot.test.mock.mockito.ResetMocksTestExecutionListener, org.springframework.boot.test.autoconfigure.restdocs.RestDocsTestExecutionListener, org.springframework.boot.test.autoconfigure.web.client.MockRestServiceServerResetTestExecutionListener, org.springframework.boot.test.autoconfigure.web.servlet.MockMvcPrintOnlyOnFailureTestExecutionListener, org.springframework.boot.test.autoconfigure.web.servlet.WebDriverTestExecutionListener, org.springframework.test.context.web.ServletTestExecutionListener, org.springframework.test.context.support.DirtiesContextBeforeModesTestExecutionListener, org.springframework.test.context.support.DependencyInjectionTestExecutionListener, org.springframework.test.context.support.DirtiesContextTestExecutionListener, org.springframework.test.context.transaction.TransactionalTestExecutionListener, org.springframework.test.context.jdbc.SqlScriptsTestExecutionListener]
17:52:00.089 [Test worker] DEBUG org.springframework.boot.test.context.SpringBootTestContextBootstrapper - Could not instantiate TestExecutionListener [org.springframework.test.context.web.ServletTestExecutionListener]. Specify custom listener classes or make the default listener classes (and their required dependencies) available. Offending class: [javax/servlet/ServletContext]
17:52:00.091 [Test worker] DEBUG org.springframework.boot.test.context.SpringBootTestContextBootstrapper - Could not instantiate TestExecutionListener [org.springframework.test.context.transaction.TransactionalTestExecutionListener]. Specify custom listener classes or make the default listener classes (and their required dependencies) available. Offending class: [org/springframework/transaction/interceptor/TransactionAttributeSource]
17:52:00.092 [Test worker] DEBUG org.springframework.boot.test.context.SpringBootTestContextBootstrapper - Could not instantiate TestExecutionListener [org.springframework.test.context.jdbc.SqlScriptsTestExecutionListener]. Specify custom listener classes or make the default listener classes (and their required dependencies) available. Offending class: [org/springframework/transaction/interceptor/TransactionAttribute]
17:52:00.092 [Test worker] INFO org.springframework.boot.test.context.SpringBootTestContextBootstrapper - Using TestExecutionListeners: [org.springframework.test.context.support.DirtiesContextBeforeModesTestExecutionListener@34385170, org.springframework.boot.test.mock.mockito.MockitoTestExecutionListener@4af6082, org.springframework.boot.test.autoconfigure.SpringBootDependencyInjectionTestExecutionListener@4f06da2a, org.springframework.test.context.support.DirtiesContextTestExecutionListener@7c32c5da, org.springframework.boot.test.mock.mockito.ResetMocksTestExecutionListener@af7b8fd, org.springframework.boot.test.autoconfigure.restdocs.RestDocsTestExecutionListener@75237251, org.springframework.boot.test.autoconfigure.web.client.MockRestServiceServerResetTestExecutionListener@c0d3155, org.springframework.boot.test.autoconfigure.web.servlet.MockMvcPrintOnlyOnFailureTestExecutionListener@667b391b, org.springframework.boot.test.autoconfigure.web.servlet.WebDriverTestExecutionListener@517c5579]
17:52:00.096 [Test worker] DEBUG org.springframework.test.annotation.ProfileValueUtils - Retrieved @ProfileValueSourceConfiguration [null] for test class [com.kodilla.spring.calculator.TestCalculations]
17:52:00.097 [Test worker] DEBUG org.springframework.test.annotation.ProfileValueUtils - Retrieved ProfileValueSource type [class org.springframework.test.annotation.SystemProfileValueSource] for class [com.kodilla.spring.calculator.TestCalculations]
17:52:00.097 [Test worker] DEBUG org.springframework.test.annotation.ProfileValueUtils - Retrieved @ProfileValueSourceConfiguration [null] for test class [com.kodilla.spring.calculator.TestCalculations]
17:52:00.099 [Test worker] DEBUG org.springframework.test.annotation.ProfileValueUtils - Retrieved ProfileValueSource type [class org.springframework.test.annotation.SystemProfileValueSource] for class [com.kodilla.spring.calculator.TestCalculations]
17:52:00.106 [Test worker] DEBUG org.springframework.test.context.support.AbstractDirtiesContextTestExecutionListener - Before test class: context [DefaultTestContext@2f8d48eb testClass = TestCalculations, testInstance = [null], testMethod = [null], testException = [null], mergedContextConfiguration = [MergedContextConfiguration@67cafe75 testClass = TestCalculations, locations = '{}', classes = '{class com.kodilla.spring.SpringRunner}', contextInitializerClasses = '[]', activeProfiles = '{}', propertySourceLocations = '{}', propertySourceProperties = '{org.springframework.boot.test.context.SpringBootTestContextBootstrapper=true}', contextCustomizers = set[org.springframework.boot.test.context.SpringBootTestContextCustomizer@5fff771d, org.springframework.boot.test.context.filter.ExcludeFilterContextCustomizer@312c4c0a, org.springframework.boot.test.json.DuplicateJsonObjectContextCustomizerFactory$DuplicateJsonObjectContextCustomizer@4064b581, org.springframework.boot.test.mock.mockito.MockitoContextCustomizer@0, org.springframework.boot.test.autoconfigure.properties.PropertyMappingContextCustomizer@0, org.springframework.boot.test.autoconfigure.web.servlet.WebDriverContextCustomizerFactory$Customizer@cea10a6], contextLoader = 'org.springframework.boot.test.context.SpringBootContextLoader', parent = [null]]], class annotated with @DirtiesContext [false] with mode [null].
17:52:00.106 [Test worker] DEBUG org.springframework.test.annotation.ProfileValueUtils - Retrieved @ProfileValueSourceConfiguration [null] for test class [com.kodilla.spring.calculator.TestCalculations]
17:52:00.106 [Test worker] DEBUG org.springframework.test.annotation.ProfileValueUtils - Retrieved ProfileValueSource type [class org.springframework.test.annotation.SystemProfileValueSource] for class [com.kodilla.spring.calculator.TestCalculations]
17:52:00.109 [Test worker] DEBUG org.springframework.test.context.support.DependencyInjectionTestExecutionListener - Performing dependency injection for test context [[DefaultTestContext@2f8d48eb testClass = TestCalculations, testInstance = com.kodilla.spring.calculator.TestCalculations@1c0570e7, testMethod = [null], testException = [null], mergedContextConfiguration = [MergedContextConfiguration@67cafe75 testClass = TestCalculations, locations = '{}', classes = '{class com.kodilla.spring.SpringRunner}', contextInitializerClasses = '[]', activeProfiles = '{}', propertySourceLocations = '{}', propertySourceProperties = '{org.springframework.boot.test.context.SpringBootTestContextBootstrapper=true}', contextCustomizers = set[org.springframework.boot.test.context.SpringBootTestContextCustomizer@5fff771d, org.springframework.boot.test.context.filter.ExcludeFilterContextCustomizer@312c4c0a, org.springframework.boot.test.json.DuplicateJsonObjectContextCustomizerFactory$DuplicateJsonObjectContextCustomizer@4064b581, org.springframework.boot.test.mock.mockito.MockitoContextCustomizer@0, org.springframework.boot.test.autoconfigure.properties.PropertyMappingContextCustomizer@0, org.springframework.boot.test.autoconfigure.web.servlet.WebDriverContextCustomizerFactory$Customizer@cea10a6], contextLoader = 'org.springframework.boot.test.context.SpringBootContextLoader', parent = [null]]]].
17:52:00.176 [Test worker] DEBUG org.springframework.core.env.StandardEnvironment - Adding PropertySource 'systemProperties' with lowest search precedence
17:52:00.176 [Test worker] DEBUG org.springframework.core.env.StandardEnvironment - Adding PropertySource 'systemEnvironment' with lowest search precedence
17:52:00.177 [Test worker] DEBUG org.springframework.core.env.StandardEnvironment - Initialized StandardEnvironment with PropertySources [MapPropertySource@1380658926 {name='systemProperties', properties={java.runtime.name=Java(TM) SE Runtime Environment, sun.boot.library.path=/Library/Java/JavaVirtualMachines/jdk1.8.0_201.jdk/Contents/Home/jre/lib, java.vm.version=25.201-b09, gopherProxySet=false, java.vm.vendor=Oracle Corporation, java.vendor.url=http://java.oracle.com/, path.separator=:, java.vm.name=Java HotSpot(TM) 64-Bit Server VM, file.encoding.pkg=sun.io, sun.java.launcher=SUN_STANDARD, user.country=PL, sun.os.patch.level=unknown, java.vm.specification.name=Java Virtual Machine Specification, user.dir=/Users/Matys/Documents/kodila-course-new/kodilla-spring-new, java.runtime.version=1.8.0_201-b09, java.awt.graphicsenv=sun.awt.CGraphicsEnvironment, java.endorsed.dirs=/Library/Java/JavaVirtualMachines/jdk1.8.0_201.jdk/Contents/Home/jre/lib/endorsed, os.arch=x86_64, java.io.tmpdir=/var/folders/jt/3y_yfpk56nx_fx92mnl9n48m0000gn/T/, line.separator=
, java.vm.specification.vendor=Oracle Corporation, user.variant=, os.name=Mac OS X, sun.jnu.encoding=UTF-8, java.library.path=/Users/Matys/Library/Java/Extensions:/Library/Java/Extensions:/Network/Library/Java/Extensions:/System/Library/Java/Extensions:/usr/lib/java:., java.specification.name=Java Platform API Specification, java.class.version=52.0, sun.management.compiler=HotSpot 64-Bit Tiered Compilers, os.version=10.13.6, http.nonProxyHosts=local|*.local|169.254/16|*.169.254/16, user.home=/Users/Matys, user.timezone=Europe/Warsaw, java.awt.printerjob=sun.lwawt.macosx.CPrinterJob, file.encoding=UTF-8, java.specification.version=1.8, java.class.path=/Users/Matys/Documents/kodila-course-new/kodilla-spring-new/build/classes/test:/Users/Matys/Documents/kodila-course-new/kodilla-spring-new/build/resources/test:/Users/Matys/Documents/kodila-course-new/kodilla-spring-new/build/classes/main:/Users/Matys/Documents/kodila-course-new/kodilla-spring-new/build/resources/main:/Users/Matys/.gradle/caches/modules-2/files-2.1/org.springframework.boot/spring-boot-starter/1.5.19.RELEASE/c93f91adc650e2dc122139cf93ed7814fec04830/spring-boot-starter-1.5.19.RELEASE.jar:/Users/Matys/.gradle/caches/modules-2/files-2.1/org.springframework.boot/spring-boot-starter-test/1.5.19.RELEASE/d06b6f71d88f4e7f7cafe4f9be6f73f783c0cb5e/spring-boot-starter-test-1.5.19.RELEASE.jar:/Users/Matys/.gradle/caches/modules-2/files-2.1/org.springframework.boot/spring-boot/1.5.19.RELEASE/b2bf5c47a8653e5fbba05c022d99549948bf9665/spring-boot-1.5.19.RELEASE.jar:/Users/Matys/.gradle/caches/modules-2/files-2.1/org.springframework.boot/spring-boot-autoconfigure/1.5.19.RELEASE/4e9a29d2eda96d2e2f135a315dfa55ae0d3484d4/spring-boot-autoconfigure-1.5.19.RELEASE.jar:/Users/Matys/.gradle/caches/modules-2/files-2.1/org.springframework.boot/spring-boot-starter-logging/1.5.19.RELEASE/a9529ecfe4446aac782bf4bc3d05101eccfe0d12/spring-boot-starter-logging-1.5.19.RELEASE.jar:/Users/Matys/.gradle/caches/modules-2/files-2.1/org.springframework/spring-core/4.3.22.RELEASE/644c452cb43edf55f3cc8a1252a6e5a28316f42e/spring-core-4.3.22.RELEASE.jar:/Users/Matys/.gradle/caches/modules-2/files-2.1/org.yaml/snakeyaml/1.17/7a27ea250c5130b2922b86dea63cbb1cc10a660c/snakeyaml-1.17.jar:/Users/Matys/.gradle/caches/modules-2/files-2.1/org.springframework.boot/spring-boot-test/1.5.19.RELEASE/b85d7ceb338de573bab5307f190d3db56328fb6b/spring-boot-test-1.5.19.RELEASE.jar:/Users/Matys/.gradle/caches/modules-2/files-2.1/org.springframework.boot/spring-boot-test-autoconfigure/1.5.19.RELEASE/e3637f7857ef427222c67beb722ea833d3563763/spring-boot-test-autoconfigure-1.5.19.RELEASE.jar:/Users/Matys/.gradle/caches/modules-2/files-2.1/com.jayway.jsonpath/json-path/2.2.0/22290d17944bd239fabf5ac69005a60a7ecbbbcb/json-path-2.2.0.jar:/Users/Matys/.gradle/caches/modules-2/files-2.1/junit/junit/4.12/2973d150c0dc1fefe998f834810d68f278ea58ec/junit-4.12.jar:/Users/Matys/.gradle/caches/modules-2/files-2.1/org.assertj/assertj-core/2.6.0/b532c3fc4f66bcfee4989a3514f1cd56203a33ad/assertj-core-2.6.0.jar:/Users/Matys/.gradle/caches/modules-2/files-2.1/org.mockito/mockito-core/1.10.19/e8546f5bef4e061d8dd73895b4e8f40e3fe6effe/mockito-core-1.10.19.jar:/Users/Matys/.gradle/caches/modules-2/files-2.1/org.hamcrest/hamcrest-core/1.3/42a25dc3219429f0e5d060061f71acb49bf010a0/hamcrest-core-1.3.jar:/Users/Matys/.gradle/caches/modules-2/files-2.1/org.hamcrest/hamcrest-library/1.3/4785a3c21320980282f9f33d0d1264a69040538f/hamcrest-library-1.3.jar:/Users/Matys/.gradle/caches/modules-2/files-2.1/org.skyscreamer/jsonassert/1.4.0/9cdbb373a06f6513e51e8c545ee6a5e981463edb/jsonassert-1.4.0.jar:/Users/Matys/.gradle/caches/modules-2/files-2.1/org.springframework/spring-test/4.3.22.RELEASE/51fe839060f1a8889a10acd5c35097b5a9f98592/spring-test-4.3.22.RELEASE.jar:/Users/Matys/.gradle/caches/modules-2/files-2.1/org.springframework/spring-context/4.3.22.RELEASE/1edff23a32bb7b02ad258294688173672e671ada/spring-context-4.3.22.RELEASE.jar:/Users/Matys/.gradle/caches/modules-2/files-2.1/ch.qos.logback/logback-classic/1.1.11/ccedfbacef4a6515d2983e3f89ed753d5d4fb665/logback-classic-1.1.11.jar:/Users/Matys/.gradle/caches/modules-2/files-2.1/org.slf4j/jcl-over-slf4j/1.7.25/f8c32b13ff142a513eeb5b6330b1588dcb2c0461/jcl-over-slf4j-1.7.25.jar:/Users/Matys/.gradle/caches/modules-2/files-2.1/org.slf4j/jul-to-slf4j/1.7.25/af5364cd6679bfffb114f0dec8a157aaa283b76/jul-to-slf4j-1.7.25.jar:/Users/Matys/.gradle/caches/modules-2/files-2.1/org.slf4j/log4j-over-slf4j/1.7.25/a87bb47468f47ee7aabbd54f93e133d4215769c3/log4j-over-slf4j-1.7.25.jar:/Users/Matys/.gradle/caches/modules-2/files-2.1/net.minidev/json-smart/2.2.1/5b9e5df7a62d1279b70dc882b041d249c4f0b002/json-smart-2.2.1.jar:/Users/Matys/.gradle/caches/modules-2/files-2.1/org.slf4j/slf4j-api/1.7.25/da76ca59f6a57ee3102f8f9bd9cee742973efa8a/slf4j-api-1.7.25.jar:/Users/Matys/.gradle/caches/modules-2/files-2.1/org.objenesis/objenesis/2.1/87c0ea803b69252868d09308b4618f766f135a96/objenesis-2.1.jar:/Users/Matys/.gradle/caches/modules-2/files-2.1/com.vaadin.external.google/android-json/0.0.20131108.vaadin1/fa26d351fe62a6a17f5cda1287c1c6110dec413f/android-json-0.0.20131108.vaadin1.jar:/Users/Matys/.gradle/caches/modules-2/files-2.1/org.springframework/spring-aop/4.3.22.RELEASE/ad29b1de008c3398bfaa6e177f0675c47864aa1b/spring-aop-4.3.22.RELEASE.jar:/Users/Matys/.gradle/caches/modules-2/files-2.1/org.springframework/spring-beans/4.3.22.RELEASE/b996bdca37e04a9e875dd40db184df208a315356/spring-beans-4.3.22.RELEASE.jar:/Users/Matys/.gradle/caches/modules-2/files-2.1/org.springframework/spring-expression/4.3.22.RELEASE/314e4169b2559085f390b042ed14685877109b1e/spring-expression-4.3.22.RELEASE.jar:/Users/Matys/.gradle/caches/modules-2/files-2.1/ch.qos.logback/logback-core/1.1.11/88b8df40340eed549fb07e2613879bf6b006704d/logback-core-1.1.11.jar:/Users/Matys/.gradle/caches/modules-2/files-2.1/net.minidev/accessors-smart/1.1/a527213f2fea112a04c9bdf0ec0264e34104cd08/accessors-smart-1.1.jar:/Users/Matys/.gradle/caches/modules-2/files-2.1/org.ow2.asm/asm/5.0.3/dcc2193db20e19e1feca8b1240dbbc4e190824fa/asm-5.0.3.jar, user.name=Matys, java.vm.specification.version=1.8, sun.java.command=worker.org.gradle.process.internal.worker.GradleWorkerMain 'Gradle Test Executor 1', java.home=/Library/Java/JavaVirtualMachines/jdk1.8.0_201.jdk/Contents/Home/jre, sun.arch.data.model=64, user.language=pl, java.specification.vendor=Oracle Corporation, awt.toolkit=sun.lwawt.macosx.LWCToolkit, java.vm.info=mixed mode, java.version=1.8.0_201, java.ext.dirs=/Users/Matys/Library/Java/Extensions:/Library/Java/JavaVirtualMachines/jdk1.8.0_201.jdk/Contents/Home/jre/lib/ext:/Library/Java/Extensions:/Network/Library/Java/Extensions:/System/Library/Java/Extensions:/usr/lib/java, sun.boot.class.path=/Library/Java/JavaVirtualMachines/jdk1.8.0_201.jdk/Contents/Home/jre/lib/resources.jar:/Library/Java/JavaVirtualMachines/jdk1.8.0_201.jdk/Contents/Home/jre/lib/rt.jar:/Library/Java/JavaVirtualMachines/jdk1.8.0_201.jdk/Contents/Home/jre/lib/sunrsasign.jar:/Library/Java/JavaVirtualMachines/jdk1.8.0_201.jdk/Contents/Home/jre/lib/jsse.jar:/Library/Java/JavaVirtualMachines/jdk1.8.0_201.jdk/Contents/Home/jre/lib/jce.jar:/Library/Java/JavaVirtualMachines/jdk1.8.0_201.jdk/Contents/Home/jre/lib/charsets.jar:/Library/Java/JavaVirtualMachines/jdk1.8.0_201.jdk/Contents/Home/jre/lib/jfr.jar:/Library/Java/JavaVirtualMachines/jdk1.8.0_201.jdk/Contents/Home/jre/classes, java.vendor=Oracle Corporation, org.gradle.test.worker=1, file.separator=/, java.vendor.url.bug=http://bugreport.sun.com/bugreport/, sun.io.unicode.encoding=UnicodeBig, sun.cpu.endian=little, socksNonProxyHosts=local|*.local|169.254/16|*.169.254/16, ftp.nonProxyHosts=local|*.local|169.254/16|*.169.254/16, sun.cpu.isalist=}}, SystemEnvironmentPropertySource@334566805 {name='systemEnvironment', properties={PATH=/usr/bin:/bin:/usr/sbin:/sbin:/usr/local/bin, JAVA_ARCH=x86_64, SHELL=/bin/bash, JAVA_MAIN_CLASS_11589=worker.org.gradle.process.internal.worker.GradleWorkerMain, JAVA_MAIN_CLASS_11578=org.gradle.wrapper.GradleWrapperMain, APP_ICON_11578=/Users/Matys/Documents/kodila-course-new/media/gradle.icns, OLDPWD=/Users/Matys/Documents/kodila-course-new, TERM=xterm-256color, USER=Matys, TMPDIR=/var/folders/jt/3y_yfpk56nx_fx92mnl9n48m0000gn/T/, SSH_AUTH_SOCK=/private/tmp/com.apple.launchd.E2V2HtO33z/Listeners, APP_NAME_11578=Gradle, XPC_FLAGS=0x0, __CF_USER_TEXT_ENCODING=0x1F5:0x1D:0x2A, Apple_PubSub_Socket_Render=/private/tmp/com.apple.launchd.Bu0pLgE8pu/Render, com.apple.java.jvmTask=CommandLine, LOGNAME=Matys, LC_CTYPE=pl_PL.UTF-8, XPC_SERVICE_NAME=0, PWD=/Users/Matys/Documents/kodila-course-new, SHLVL=1, HOME=/Users/Matys}}]
17:52:00.180 [Test worker] DEBUG org.springframework.core.env.MutablePropertySources - Adding PropertySource 'inline' with highest search precedence
17:52:00.188 [Test worker] DEBUG org.springframework.test.context.support.TestPropertySourceUtils - Adding inlined properties to environment: {spring.jmx.enabled=false, org.springframework.boot.test.context.SpringBootTestContextBootstrapper=true, server.port=-1}
17:52:00.189 [Test worker] DEBUG org.springframework.core.env.StandardEnvironment - Adding PropertySource 'Inlined Test Properties' with highest search precedence

  .   ____          _            __ _ _
 /\\ / ___'_ __ _ _(_)_ __  __ _ \ \ \ \
( ( )\___ | '_ | '_| | '_ \/ _` | \ \ \ \
 \\/  ___)| |_)| | | | | || (_| |  ) ) ) )
  '  |____| .__|_| |_|_| |_\__, | / / / /
 =========|_|==============|___/=/_/_/_/
 :: Spring Boot ::       (v1.5.19.RELEASE)

2019-02-27 17:52:00.517  INFO 11589 --- [    Test worker] c.k.spring.calculator.TestCalculations   : Starting TestCalculations on Air-Mateusz.home with PID 11589 (started by Matys in /Users/Matys/Documents/kodila-course-new/kodilla-spring-new)
2019-02-27 17:52:00.520  INFO 11589 --- [    Test worker] c.k.spring.calculator.TestCalculations   : No active profile set, falling back to default profiles: default
2019-02-27 17:52:00.548  INFO 11589 --- [    Test worker] s.c.a.AnnotationConfigApplicationContext : Refreshing org.springframework.context.annotation.AnnotationConfigApplicationContext@1839c856: startup date [Wed Feb 27 17:52:00 CET 2019]; root of context hierarchy
2019-02-27 17:52:01.168  INFO 11589 --- [    Test worker] c.k.spring.calculator.TestCalculations   : Started TestCalculations in 0.975 seconds (JVM running for 3.085)
2019-02-27 17:52:01.266  INFO 11589 --- [    Test worker] s.c.a.AnnotationConfigApplicationContext : Refreshing org.springframework.context.annotation.AnnotationConfigApplicationContext@2633452c: startup date [Wed Feb 27 17:52:01 CET 2019]; root of context hierarchy
2019-02-27 17:52:01.757  INFO 11589 --- [    Test worker] o.s.j.e.a.AnnotationMBeanExporter        : Registering beans for JMX exposure on startup
1.0
2019-02-27 17:52:01.799  INFO 11589 --- [    Test worker] s.c.a.AnnotationConfigApplicationContext : Refreshing org.springframework.context.annotation.AnnotationConfigApplicationContext@12b49b4c: startup date [Wed Feb 27 17:52:01 CET 2019]; root of context hierarchy
2019-02-27 17:52:02.148  INFO 11589 --- [    Test worker] o.s.j.e.a.AnnotationMBeanExporter        : Registering beans for JMX exposure on startup
36.0
2019-02-27 17:52:02.185  INFO 11589 --- [    Test worker] s.c.a.AnnotationConfigApplicationContext : Refreshing org.springframework.context.annotation.AnnotationConfigApplicationContext@13fb7cee: startup date [Wed Feb 27 17:52:02 CET 2019]; root of context hierarchy
2019-02-27 17:52:02.487  INFO 11589 --- [    Test worker] o.s.j.e.a.AnnotationMBeanExporter        : Registering beans for JMX exposure on startup
0.0
2019-02-27 17:52:02.519  INFO 11589 --- [    Test worker] s.c.a.AnnotationConfigApplicationContext : Refreshing org.springframework.context.annotation.AnnotationConfigApplicationContext@1c884c9f: startup date [Wed Feb 27 17:52:02 CET 2019]; root of context hierarchy
2019-02-27 17:52:02.745  INFO 11589 --- [    Test worker] o.s.j.e.a.AnnotationMBeanExporter        : Registering beans for JMX exposure on startup
6.0
]]></system-out>
    <system-err><![CDATA[]]></system-err>
</testsuite>
