<?xml version="1.0" encoding="UTF-8"?>
<testsuite name="com.kodilla.spring.library.LibraryTestSuite" tests="2" skipped="0" failures="0" errors="0"
           timestamp="2019-02-27T16:52:02" hostname="Air-Mateusz.home" time="0.519">
    <properties/>
    <testcase name="testSaveToDb" classname="com.kodilla.spring.library.LibraryTestSuite" time="0.243"/>
    <testcase name="testLoadFromDb" classname="com.kodilla.spring.library.LibraryTestSuite" time="0.274"/>
    <system-out><![CDATA[2019-02-27 17:52:02.753  INFO 11589 --- [    Test worker] .b.t.c.SpringBootTestContextBootstrapper : Neither @ContextConfiguration nor @ContextHierarchy found for test class [com.kodilla.spring.library.LibraryTestSuite], using SpringBootContextLoader
2019-02-27 17:52:02.755  INFO 11589 --- [    Test worker] o.s.t.c.support.AbstractContextLoader    : Could not detect default resource locations for test class [com.kodilla.spring.library.LibraryTestSuite]: no resource found for suffixes {-context.xml, Context.groovy}.
2019-02-27 17:52:02.756  INFO 11589 --- [    Test worker] t.c.s.AnnotationConfigContextLoaderUtils : Could not detect default configuration classes for test class [com.kodilla.spring.library.LibraryTestSuite]: LibraryTestSuite does not declare any static, non-private, non-final, nested classes annotated with @Configuration.
2019-02-27 17:52:02.770  INFO 11589 --- [    Test worker] .b.t.c.SpringBootTestContextBootstrapper : Found @SpringBootConfiguration com.kodilla.spring.SpringRunner for test class com.kodilla.spring.library.LibraryTestSuite
2019-02-27 17:52:02.777  INFO 11589 --- [    Test worker] .b.t.c.SpringBootTestContextBootstrapper : Loaded default TestExecutionListener class names from location [META-INF/spring.factories]: [org.springframework.boot.test.mock.mockito.MockitoTestExecutionListener, org.springframework.boot.test.mock.mockito.ResetMocksTestExecutionListener, org.springframework.boot.test.autoconfigure.restdocs.RestDocsTestExecutionListener, org.springframework.boot.test.autoconfigure.web.client.MockRestServiceServerResetTestExecutionListener, org.springframework.boot.test.autoconfigure.web.servlet.MockMvcPrintOnlyOnFailureTestExecutionListener, org.springframework.boot.test.autoconfigure.web.servlet.WebDriverTestExecutionListener, org.springframework.test.context.web.ServletTestExecutionListener, org.springframework.test.context.support.DirtiesContextBeforeModesTestExecutionListener, org.springframework.test.context.support.DependencyInjectionTestExecutionListener, org.springframework.test.context.support.DirtiesContextTestExecutionListener, org.springframework.test.context.transaction.TransactionalTestExecutionListener, org.springframework.test.context.jdbc.SqlScriptsTestExecutionListener]
2019-02-27 17:52:02.782  INFO 11589 --- [    Test worker] .b.t.c.SpringBootTestContextBootstrapper : Using TestExecutionListeners: [org.springframework.test.context.support.DirtiesContextBeforeModesTestExecutionListener@71d512b1, org.springframework.boot.test.mock.mockito.MockitoTestExecutionListener@74f06781, org.springframework.boot.test.autoconfigure.SpringBootDependencyInjectionTestExecutionListener@23bc7ca7, org.springframework.test.context.support.DirtiesContextTestExecutionListener@4bf5fea9, org.springframework.boot.test.mock.mockito.ResetMocksTestExecutionListener@126c2dfc, org.springframework.boot.test.autoconfigure.restdocs.RestDocsTestExecutionListener@65d79c5f, org.springframework.boot.test.autoconfigure.web.client.MockRestServiceServerResetTestExecutionListener@25ce9d06, org.springframework.boot.test.autoconfigure.web.servlet.MockMvcPrintOnlyOnFailureTestExecutionListener@412a3fa0, org.springframework.boot.test.autoconfigure.web.servlet.WebDriverTestExecutionListener@32daf9b4]
2019-02-27 17:52:02.806  INFO 11589 --- [    Test worker] s.c.a.AnnotationConfigApplicationContext : Refreshing org.springframework.context.annotation.AnnotationConfigApplicationContext@3a412809: startup date [Wed Feb 27 17:52:02 CET 2019]; root of context hierarchy
2019-02-27 17:52:03.026  INFO 11589 --- [    Test worker] o.s.j.e.a.AnnotationMBeanExporter        : Registering beans for JMX exposure on startup
Saving data to the database.
2019-02-27 17:52:03.049  INFO 11589 --- [    Test worker] s.c.a.AnnotationConfigApplicationContext : Refreshing org.springframework.context.annotation.AnnotationConfigApplicationContext@10c6c34: startup date [Wed Feb 27 17:52:03 CET 2019]; root of context hierarchy
2019-02-27 17:52:03.303  INFO 11589 --- [    Test worker] o.s.j.e.a.AnnotationMBeanExporter        : Registering beans for JMX exposure on startup
Loading data from the database
]]></system-out>
    <system-err><![CDATA[]]></system-err>
</testsuite>
