<?xml version="1.0" encoding="UTF-8"?>
<testsuite name="com.kodilla.spring.SpringRunnerTestSuite" tests="3" skipped="0" failures="0" errors="0"
           timestamp="2019-02-27T16:52:03" hostname="Air-Mateusz.home" time="0.803">
    <properties/>
    <testcase name="testCircleLoadedIntoContainer" classname="com.kodilla.spring.SpringRunnerTestSuite" time="0.237"/>
    <testcase name="testShapeLoadedIntoContainer" classname="com.kodilla.spring.SpringRunnerTestSuite" time="0.258"/>
    <testcase name="testSquareLoadedIntoContainer" classname="com.kodilla.spring.SpringRunnerTestSuite" time="0.305"/>
    <system-out><![CDATA[2019-02-27 17:52:03.707  INFO 11589 --- [    Test worker] .b.t.c.SpringBootTestContextBootstrapper : Neither @ContextConfiguration nor @ContextHierarchy found for test class [com.kodilla.spring.SpringRunnerTestSuite], using SpringBootContextLoader
2019-02-27 17:52:03.709  INFO 11589 --- [    Test worker] o.s.t.c.support.AbstractContextLoader    : Could not detect default resource locations for test class [com.kodilla.spring.SpringRunnerTestSuite]: no resource found for suffixes {-context.xml, Context.groovy}.
2019-02-27 17:52:03.710  INFO 11589 --- [    Test worker] t.c.s.AnnotationConfigContextLoaderUtils : Could not detect default configuration classes for test class [com.kodilla.spring.SpringRunnerTestSuite]: SpringRunnerTestSuite does not declare any static, non-private, non-final, nested classes annotated with @Configuration.
2019-02-27 17:52:03.718  INFO 11589 --- [    Test worker] .b.t.c.SpringBootTestContextBootstrapper : Found @SpringBootConfiguration com.kodilla.spring.SpringRunner for test class com.kodilla.spring.SpringRunnerTestSuite
2019-02-27 17:52:03.722  INFO 11589 --- [    Test worker] .b.t.c.SpringBootTestContextBootstrapper : Loaded default TestExecutionListener class names from location [META-INF/spring.factories]: [org.springframework.boot.test.mock.mockito.MockitoTestExecutionListener, org.springframework.boot.test.mock.mockito.ResetMocksTestExecutionListener, org.springframework.boot.test.autoconfigure.restdocs.RestDocsTestExecutionListener, org.springframework.boot.test.autoconfigure.web.client.MockRestServiceServerResetTestExecutionListener, org.springframework.boot.test.autoconfigure.web.servlet.MockMvcPrintOnlyOnFailureTestExecutionListener, org.springframework.boot.test.autoconfigure.web.servlet.WebDriverTestExecutionListener, org.springframework.test.context.web.ServletTestExecutionListener, org.springframework.test.context.support.DirtiesContextBeforeModesTestExecutionListener, org.springframework.test.context.support.DependencyInjectionTestExecutionListener, org.springframework.test.context.support.DirtiesContextTestExecutionListener, org.springframework.test.context.transaction.TransactionalTestExecutionListener, org.springframework.test.context.jdbc.SqlScriptsTestExecutionListener]
2019-02-27 17:52:03.726  INFO 11589 --- [    Test worker] .b.t.c.SpringBootTestContextBootstrapper : Using TestExecutionListeners: [org.springframework.test.context.support.DirtiesContextBeforeModesTestExecutionListener@37306a59, org.springframework.boot.test.mock.mockito.MockitoTestExecutionListener@6dd41b91, org.springframework.boot.test.autoconfigure.SpringBootDependencyInjectionTestExecutionListener@7408c673, org.springframework.test.context.support.DirtiesContextTestExecutionListener@31f8c7d3, org.springframework.boot.test.mock.mockito.ResetMocksTestExecutionListener@52e0117, org.springframework.boot.test.autoconfigure.restdocs.RestDocsTestExecutionListener@48eb8ab0, org.springframework.boot.test.autoconfigure.web.client.MockRestServiceServerResetTestExecutionListener@7ae2e680, org.springframework.boot.test.autoconfigure.web.servlet.MockMvcPrintOnlyOnFailureTestExecutionListener@dd37050, org.springframework.boot.test.autoconfigure.web.servlet.WebDriverTestExecutionListener@7800fe44]
2019-02-27 17:52:03.741  INFO 11589 --- [    Test worker] s.c.a.AnnotationConfigApplicationContext : Refreshing org.springframework.context.annotation.AnnotationConfigApplicationContext@111780d: startup date [Wed Feb 27 17:52:03 CET 2019]; root of context hierarchy
2019-02-27 17:52:03.961  INFO 11589 --- [    Test worker] o.s.j.e.a.AnnotationMBeanExporter        : Registering beans for JMX exposure on startup
2019-02-27 17:52:03.988  INFO 11589 --- [    Test worker] s.c.a.AnnotationConfigApplicationContext : Refreshing org.springframework.context.annotation.AnnotationConfigApplicationContext@15e30bc: startup date [Wed Feb 27 17:52:03 CET 2019]; root of context hierarchy
2019-02-27 17:52:04.220  INFO 11589 --- [    Test worker] o.s.j.e.a.AnnotationMBeanExporter        : Registering beans for JMX exposure on startup
Chosen shape says: This is a circle.
2019-02-27 17:52:04.246  INFO 11589 --- [    Test worker] s.c.a.AnnotationConfigApplicationContext : Refreshing org.springframework.context.annotation.AnnotationConfigApplicationContext@21ff556a: startup date [Wed Feb 27 17:52:04 CET 2019]; root of context hierarchy
2019-02-27 17:52:04.527  INFO 11589 --- [    Test worker] o.s.j.e.a.AnnotationMBeanExporter        : Registering beans for JMX exposure on startup
]]></system-out>
    <system-err><![CDATA[]]></system-err>
</testsuite>
