<?xml version="1.0" encoding="UTF-8"?>
<testsuite name="com.kodilla.stream.forum.ForumUserTestSuite" tests="2" skipped="0" failures="0" errors="0"
           timestamp="2019-02-27T16:52:06" hostname="Air-Mateusz.home" time="0.016">
    <properties/>
    <testcase name="testGetLocationsOfFriends" classname="com.kodilla.stream.forum.ForumUserTestSuite" time="0.012"/>
    <testcase name="testGetLocationsOfFriensOfFreinds" classname="com.kodilla.stream.forum.ForumUserTestSuite"
              time="0.003"/>
    <system-out><![CDATA[]]></system-out>
    <system-err><![CDATA[]]></system-err>
</testsuite>
