<?xml version="1.0" encoding="UTF-8"?>
<testsuite name="com.kodilla.stream.sand.SandStorageTestSuite" tests="1" skipped="0" failures="0" errors="0"
           timestamp="2019-02-27T16:52:06" hostname="Air-Mateusz.home" time="0.002">
    <properties/>
    <testcase name="testGetSandBeansQuantity" classname="com.kodilla.stream.sand.SandStorageTestSuite" time="0.002"/>
    <system-out><![CDATA[]]></system-out>
    <system-err><![CDATA[]]></system-err>
</testsuite>
