<?xml version="1.0" encoding="UTF-8"?>
<testsuite name="com.kodilla.stream.array.ArrayOperationsTestSuite" tests="1" skipped="0" failures="0" errors="0"
           timestamp="2019-02-27T16:52:06" hostname="Air-Mateusz.home" time="0.023">
    <properties/>
    <testcase name="testGetAverage" classname="com.kodilla.stream.array.ArrayOperationsTestSuite" time="0.023"/>
    <system-out><![CDATA[1
10
17
24
OptionalDouble[13.0]
]]></system-out>
    <system-err><![CDATA[]]></system-err>
</testsuite>
