<?xml version="1.0" encoding="UTF-8"?>
<testsuite name="com.kodilla.stream.invoice.simple.SimpleInvoiceTestSuite" tests="1" skipped="0" failures="0" errors="0"
           timestamp="2019-02-27T16:52:06" hostname="Air-Mateusz.home" time="0.013">
    <properties/>
    <testcase name="testGetValueToPat" classname="com.kodilla.stream.invoice.simple.SimpleInvoiceTestSuite"
              time="0.013"/>
    <system-out><![CDATA[]]></system-out>
    <system-err><![CDATA[]]></system-err>
</testsuite>
