<?xml version="1.0" encoding="UTF-8"?>
<testsuite name="com.kodilla.spring.intro.shape.DrawerTestSuit" tests="2" skipped="0" failures="0" errors="0"
           timestamp="2019-02-27T16:49:34" hostname="Air-Mateusz.home" time="0.005">
    <properties/>
    <testcase name="testDoDrawingWithTriangle" classname="com.kodilla.spring.intro.shape.DrawerTestSuit" time="0.003"/>
    <testcase name="testDoDrawingWithCircle" classname="com.kodilla.spring.intro.shape.DrawerTestSuit" time="0.001"/>
    <system-out><![CDATA[This is a triangle
This is a circle
]]></system-out>
    <system-err><![CDATA[]]></system-err>
</testsuite>
